<?xml version="1.0" encoding="utf-8"?>
<TestRun id="fff1ca41-e2df-4107-aafd-4f92a80cd3b8" name="Usuario@DESKTOP-VASTEC 2025-07-07 21:10:41" runUser="DESKTOP-VASTEC\Usuario" xmlns="http://microsoft.com/schemas/VisualStudio/TeamTest/2010">
  <Times creation="2025-07-07T21:10:41.7304990-05:00" queuing="2025-07-07T21:10:41.7304991-05:00" start="2025-07-07T21:10:15.8842376-05:00" finish="2025-07-07T21:10:41.7342414-05:00" />
  <TestSettings name="default" id="3819e70a-d3fe-471f-8eff-139db956f120">
    <Deployment runDeploymentRoot="Usuario_DESKTOP-VASTEC_2025-07-07_21_10_41" />
  </TestSettings>
  <Results>
    <UnitTestResult executionId="ee076974-bdff-4f25-93b9-d602024cdc55" testId="b2e8740a-0620-e5a2-fb3e-2efdd11ab2c9" testName="Test1" computerName="DESKTOP-VASTEC" duration="00:00:25.4319880" startTime="2025-07-07T21:10:16.2287926-05:00" endTime="2025-07-07T21:10:41.6607312-05:00" testType="13cdc9d9-ddb5-4fa4-a97d-d965ccfc6d4b" outcome="Passed" testListId="8c84fa94-04c1-424b-9868-57a2d4851a1d" relativeResultsDirectory="ee076974-bdff-4f25-93b9-d602024cdc55" />
  </Results>
  <TestDefinitions>
    <UnitTest name="Test1" storage="c:\vs\vs2022\testautomatizado\dotnetselenium\saucedemo\bin\release\net8.0\saucedemo.dll" id="b2e8740a-0620-e5a2-fb3e-2efdd11ab2c9">
      <Execution id="ee076974-bdff-4f25-93b9-d602024cdc55" />
      <TestMethod codeBase="C:\vs\vs2022\testautomatizado\DotnetSelenium\saucedemo\bin\Release\net8.0\saucedemo.dll" adapterTypeName="executor://nunit3testexecutor/" className="saucedemo.Tests" name="Test1" />
    </UnitTest>
  </TestDefinitions>
  <TestEntries>
    <TestEntry testId="b2e8740a-0620-e5a2-fb3e-2efdd11ab2c9" executionId="ee076974-bdff-4f25-93b9-d602024cdc55" testListId="8c84fa94-04c1-424b-9868-57a2d4851a1d" />
  </TestEntries>
  <TestLists>
    <TestList name="Resultados sin formato de lista" id="8c84fa94-04c1-424b-9868-57a2d4851a1d" />
    <TestList name="Todos los resultados cargados" id="19431567-8539-422a-85d7-44ee4e166bda" />
  </TestLists>
  <ResultSummary outcome="Completed">
    <Counters total="1" executed="1" passed="1" failed="0" error="0" timeout="0" aborted="0" inconclusive="0" passedButRunAborted="0" notRunnable="0" notExecuted="0" disconnected="0" warning="0" completed="0" inProgress="0" pending="0" />
    <Output>
      <StdOut>NUnit Adapter 4.5.0.0: Test execution started&#xD;
Running all tests in C:\vs\vs2022\testautomatizado\DotnetSelenium\saucedemo\bin\Release\net8.0\saucedemo.dll&#xD;
   NUnit3TestExecutor discovered 1 of 1 NUnit test cases using Current Discovery mode, Non-Explicit run&#xD;
Starting Microsoft Edge WebDriver 138.0.3351.65 (81e3782c3ab423e3e82c7e8495ffe12f403fb50a) on port 51226&#xD;
To submit feedback, report a bug, or suggest new features, please visit https://github.com/MicrosoftEdge/EdgeWebDriver&#xD;
Only local connections are allowed.&#xD;
Please see https://aka.ms/WebDriverSecurity for suggestions on keeping Microsoft Edge WebDriver safe.&#xD;
msedgedriver was started successfully on port 51226.&#xD;
NUnit Adapter 4.5.0.0: Test execution complete&#xD;
</StdOut>
    </Output>
  </ResultSummary>
</TestRun>